<?xml version="1.0" encoding="UTF-8"?>
<!-- Generated by org.testng.reporters.JUnitReportReporter -->
<testsuite hostname="LAPTOP-VRF7QEJL" failures="0" tests="1" name="testCaseRepo.TC_003" time="26.472" errors="0" timestamp="2025-03-23T12:18:36 IST" skipped="0">
  <testcase classname="testCaseRepo.TC_003" name="LE_003" time="26.472">
    <system-out>
      <![CDATA[LE_003->On Test start
LE_003->On Test success]]>
    </system-out>
  </testcase> <!-- LE_003 -->
  <system-out>
    <![CDATA[LE_003->On Test start
LE_003->On Test success
LE_001->On Test start
LE_001->On Test failure
Con_001->On Test start
Con_001->On Test failure]]>
  </system-out>
</testsuite> <!-- testCaseRepo.TC_003 -->
