<?xml version="1.0" encoding="UTF-8"?>
<!-- Generated by org.testng.reporters.JUnitReportReporter -->
<testsuite hostname="LAPTOP-VRF7QEJL" failures="0" tests="1" name="sample.HardAssertionPractice" time="0.010" errors="0" timestamp="2025-03-14T15:01:51 IST" skipped="0">
  <testcase classname="sample.HardAssertionPractice" name="strictLevelComparison" time="0.010"/>
</testsuite> <!-- sample.HardAssertionPractice -->
