<?xml version="1.0" encoding="UTF-8"?>
<!-- Generated by org.testng.reporters.JUnitReportReporter -->
<testsuite hostname="LAPTOP-VRF7QEJL" failures="0" tests="1" name="testCaseRepo.TC_002" time="45.454" errors="0" timestamp="2025-03-23T12:14:48 IST" skipped="0">
  <testcase classname="testCaseRepo.TC_002" name="LE_002" time="45.454">
    <system-out>
      <![CDATA[LE_002->On Test start
LE_002->On Test success]]>
    </system-out>
  </testcase> <!-- LE_002 -->
  <system-out>
    <![CDATA[LE_001->On Test start
Con_002->On Test start
Con_001->On Test start
LE_002->On Test start
LE_003->On Test start
Con_001->On Test failure
LE_001->On Test failure
Con_002->On Test success
LE_003->On Test success
LE_002->On Test success]]>
  </system-out>
</testsuite> <!-- testCaseRepo.TC_002 -->
