<?xml version="1.0" encoding="UTF-8"?>
<!-- Generated by org.testng.reporters.JUnitReportReporter -->
<testsuite hostname="LAPTOP-VRF7QEJL" failures="0" tests="1" name="testCaseRepo.TC_006" time="52.932" errors="0" timestamp="2025-03-22T14:42:03 IST" skipped="0">
  <testcase classname="testCaseRepo.TC_006" name="Con_003" time="52.932">
    <system-out>
      <![CDATA[Con_003->On Test start
Con_003->On Test success]]>
    </system-out>
  </testcase> <!-- Con_003 -->
  <system-out>
    <![CDATA[LE_002->On Test start
Con_003->On Test start
LE_001->On Test start
LE_001->On Test failure
Con_003->On Test success
LE_002->On Test success]]>
  </system-out>
</testsuite> <!-- testCaseRepo.TC_006 -->
