<?xml version="1.0" encoding="UTF-8"?>
<!-- Generated by org.testng.reporters.JUnitReportReporter -->
<testsuite hostname="LAPTOP-VRF7QEJL" failures="0" tests="4" name="testCaseRepo.TC_001" time="106.149" errors="0" timestamp="2025-03-26T15:58:54 IST" skipped="0">
  <testcase classname="testCaseRepo.TC_001" name="demo" time="16.257">
    <system-out>
      <![CDATA[demo->On Test start
demo->On Test success]]>
    </system-out>
  </testcase> <!-- demo -->
  <testcase classname="testCaseRepo.TC_001" name="LE_001" time="36.883">
    <system-out>
      <![CDATA[LE_001->On Test start
LE_001->On Test success]]>
    </system-out>
  </testcase> <!-- LE_001 -->
  <testcase classname="testCaseRepo.TC_001" name="demo" time="10.348">
    <system-out>
      <![CDATA[demo->On Test start
demo->On Test success]]>
    </system-out>
  </testcase> <!-- demo -->
  <testcase classname="testCaseRepo.TC_001" name="LE_001" time="42.661">
    <system-out>
      <![CDATA[LE_001->On Test start
LE_001->On Test success]]>
    </system-out>
  </testcase> <!-- LE_001 -->
  <system-out>
    <![CDATA[LE_001->On Test start
LE_001->On Test start
LE_001->On Test success
LE_001->On Test success
demo->On Test start
demo->On Test success
demo->On Test start
demo->On Test success]]>
  </system-out>
</testsuite> <!-- testCaseRepo.TC_001 -->
