<?xml version="1.0" encoding="UTF-8"?>
<!-- Generated by org.testng.reporters.JUnitReportReporter -->
<testsuite hostname="LAPTOP-VRF7QEJL" failures="0" tests="3" name="sample.TestNGPractice" time="0.012" errors="0" timestamp="2025-03-25T16:09:37 IST" skipped="0">
  <testcase classname="sample.TestNGPractice" name="createUser" time="0.012">
    <system-out>
      <![CDATA[createUser->On Test start
createUser->On Test success]]>
    </system-out>
  </testcase> <!-- createUser -->
  <testcase classname="sample.TestNGPractice" name="modifyUser" time="0.000">
    <system-out>
      <![CDATA[modifyUser->On Test start
modifyUser->On Test success]]>
    </system-out>
  </testcase> <!-- modifyUser -->
  <testcase classname="sample.TestNGPractice" name="deleteUser" time="0.000">
    <system-out>
      <![CDATA[deleteUser->On Test start
deleteUser->On Test success]]>
    </system-out>
  </testcase> <!-- deleteUser -->
  <system-out>
    <![CDATA[createUser->On Test start
createUser->On Test success
modifyUser->On Test start
modifyUser->On Test success
deleteUser->On Test start
deleteUser->On Test success
LE_002->On Test start
LE_002->On Test success]]>
  </system-out>
</testsuite> <!-- sample.TestNGPractice -->
