<?xml version="1.0" encoding="UTF-8"?>
<!-- Generated by org.testng.reporters.JUnitReportReporter -->
<testsuite hostname="LAPTOP-VRF7QEJL" failures="0" tests="1" name="testCaseRepo.TC_002Test" time="43.316" errors="0" timestamp="2025-03-26T14:30:40 IST" skipped="0">
  <testcase classname="testCaseRepo.TC_002Test" name="LE_002" time="43.316"/>
</testsuite> <!-- testCaseRepo.TC_002Test -->
